23:26:37.384 [main] DEBUG org.testng.TestNG - suiteXmlPath: "C:\Users\G Swarnalekha\eclipse-workspace\OpenCartV212\testng.xml"
23:26:37.601 [main] INFO  org.testng.internal.Utils - [TestNG] Running:
  C:\Users\G Swarnalekha\eclipse-workspace\OpenCartV212\testng.xml

23:26:43.517 [main] INFO  TestCases.AccountRegistrationTest - ******AccountRegistrationTest----->JUST_STARTED*****
23:26:44.871 [main] INFO  TestCases.AccountRegistrationTest - *****Entering_Details******
23:26:45.881 [main] INFO  TestCases.AccountRegistrationTest - ****Conformation******
23:26:45.923 [main] INFO  TestCases.AccountRegistrationTest - *******Test Finished*******
23:26:50.741 [main] INFO  TestCases.AccountLoginTest - ***********Starting the case************
23:26:51.027 [main] INFO  TestCases.AccountLoginTest - **********loginpage**********
23:26:51.724 [main] INFO  TestCases.AccountLoginTest - **********AccountPage**********
23:26:51.782 [main] INFO  TestCases.AccountLoginTest - ******TestCompleted********
23:28:52.366 [main] DEBUG org.testng.TestNG - suiteXmlPath: "C:\Users\G Swarnalekha\eclipse-workspace\OpenCartV212\testng.xml"
23:28:52.552 [main] INFO  org.testng.internal.Utils - [TestNG] Running:
  C:\Users\G Swarnalekha\eclipse-workspace\OpenCartV212\testng.xml

23:28:55.182 [main] INFO  TestCases.AccountRegistrationTest - ******AccountRegistrationTest----->JUST_STARTED*****
23:28:55.667 [main] INFO  TestCases.AccountRegistrationTest - *****Entering_Details******
23:28:56.721 [main] INFO  TestCases.AccountRegistrationTest - ****Conformation******
23:28:56.753 [main] INFO  TestCases.AccountRegistrationTest - *******Test Finished*******
23:28:58.799 [main] INFO  TestCases.AccountLoginTest - ***********Starting the case************
23:28:59.419 [main] INFO  TestCases.AccountLoginTest - **********loginpage**********
23:29:00.285 [main] INFO  TestCases.AccountLoginTest - **********AccountPage**********
23:33:48.353 [main] DEBUG org.testng.TestNG - suiteXmlPath: "C:\Users\G Swarnalekha\eclipse-workspace\OpenCartV212\testng.xml"
23:33:48.550 [main] INFO  org.testng.internal.Utils - [TestNG] Running:
  C:\Users\G Swarnalekha\eclipse-workspace\OpenCartV212\testng.xml

23:33:51.398 [main] INFO  TestCases.AccountRegistrationTest - ******AccountRegistrationTest----->JUST_STARTED*****
23:33:51.888 [main] INFO  TestCases.AccountRegistrationTest - *****Entering_Details******
23:33:52.930 [main] INFO  TestCases.AccountRegistrationTest - ****Conformation******
23:33:52.977 [main] INFO  TestCases.AccountRegistrationTest - *******Test Finished*******
23:33:54.935 [main] INFO  TestCases.AccountLoginTest - ***********Starting the case************
23:33:55.650 [main] INFO  TestCases.AccountLoginTest - **********loginpage**********
23:33:56.699 [main] INFO  TestCases.AccountLoginTest - **********AccountPage**********
23:35:12.302 [main] DEBUG org.testng.TestNG - suiteXmlPath: "C:\Users\G Swarnalekha\eclipse-workspace\OpenCartV212\testng.xml"
23:35:12.495 [main] INFO  org.testng.internal.Utils - [TestNG] Running:
  C:\Users\G Swarnalekha\eclipse-workspace\OpenCartV212\testng.xml

23:35:14.687 [main] INFO  TestCases.AccountRegistrationTest - ******AccountRegistrationTest----->JUST_STARTED*****
23:35:15.218 [main] INFO  TestCases.AccountRegistrationTest - *****Entering_Details******
23:35:16.515 [main] INFO  TestCases.AccountRegistrationTest - ****Conformation******
23:35:16.550 [main] INFO  TestCases.AccountRegistrationTest - *******Test Finished*******
23:35:18.225 [main] INFO  TestCases.AccountLoginTest - ***********Starting the case************
23:35:18.548 [main] INFO  TestCases.AccountLoginTest - **********loginpage**********
23:35:19.380 [main] INFO  TestCases.AccountLoginTest - **********AccountPage**********
23:37:12.633 [main] DEBUG org.testng.TestNG - suiteXmlPath: "C:\Users\G Swarnalekha\eclipse-workspace\OpenCartV212\testng.xml"
23:37:12.830 [main] INFO  org.testng.internal.Utils - [TestNG] Running:
  C:\Users\G Swarnalekha\eclipse-workspace\OpenCartV212\testng.xml

23:37:15.013 [main] INFO  TestCases.AccountRegistrationTest - ******AccountRegistrationTest----->JUST_STARTED*****
23:37:15.605 [main] INFO  TestCases.AccountRegistrationTest - *****Entering_Details******
23:37:16.615 [main] INFO  TestCases.AccountRegistrationTest - ****Conformation******
23:37:16.643 [main] INFO  TestCases.AccountRegistrationTest - *******Test Finished*******
23:37:18.563 [main] INFO  TestCases.AccountLoginTest - ***********Starting the case************
23:37:19.193 [main] INFO  TestCases.AccountLoginTest - **********loginpage**********
23:37:19.946 [main] INFO  TestCases.AccountLoginTest - **********AccountPage**********
23:40:14.912 [main] DEBUG org.testng.TestNG - suiteXmlPath: "C:\Users\G Swarnalekha\eclipse-workspace\OpenCartV212\testng.xml"
23:40:15.108 [main] INFO  org.testng.internal.Utils - [TestNG] Running:
  C:\Users\G Swarnalekha\eclipse-workspace\OpenCartV212\testng.xml

23:40:18.891 [main] INFO  TestCases.AccountRegistrationTest - ******AccountRegistrationTest----->JUST_STARTED*****
