23:40:19.952 [main] INFO  TestCases.AccountRegistrationTest - *****Entering_Details******
23:40:21.023 [main] INFO  TestCases.AccountRegistrationTest - ****Conformation******
23:40:21.055 [main] INFO  TestCases.AccountRegistrationTest - *******Test Finished*******
23:40:25.431 [main] INFO  TestCases.AccountLoginTest - ***********Starting the case************
23:40:25.711 [main] INFO  TestCases.AccountLoginTest - **********loginpage**********
23:40:26.516 [main] INFO  TestCases.AccountLoginTest - **********AccountPage**********
12:45:55.084 [main] DEBUG org.testng.TestNG - suiteXmlPath: "C:\Users\G Swarnalekha\eclipse-workspace\OpenCartV212\testng.xml"
12:45:55.424 [main] INFO  org.testng.internal.Utils - [TestNG] Running:
  C:\Users\G Swarnalekha\eclipse-workspace\OpenCartV212\testng.xml

12:46:09.016 [main] INFO  TestCases.AccountRegistrationTest - ******AccountRegistrationTest----->JUST_STARTED*****
12:46:09.692 [main] INFO  TestCases.AccountRegistrationTest - *****Entering_Details******
12:46:10.941 [main] INFO  TestCases.AccountRegistrationTest - ****Conformation******
12:46:10.975 [main] ERROR TestCases.AccountRegistrationTest - Test Got Failed.....
12:46:10.976 [main] DEBUG TestCases.AccountRegistrationTest - Debug Logs
12:46:13.239 [main] INFO  TestCases.AccountLoginTest - ***********Starting the case************
12:46:13.729 [main] INFO  TestCases.AccountLoginTest - **********loginpage**********
12:46:14.402 [main] INFO  TestCases.AccountLoginTest - **********AccountPage**********
20:08:09.407 [main] DEBUG org.testng.TestNG - suiteXmlPath: "C:\Users\G Swarnalekha\eclipse-workspace\OpenCartV212\testng.xml"
20:08:09.728 [main] INFO  org.testng.internal.Utils - [TestNG] Running:
  C:\Users\G Swarnalekha\eclipse-workspace\OpenCartV212\testng.xml

20:08:17.401 [main] INFO  TestCases.AccountRegistrationTest - ******AccountRegistrationTest----->JUST_STARTED*****
20:08:18.554 [main] INFO  TestCases.AccountRegistrationTest - *****Entering_Details******
20:08:19.769 [main] INFO  TestCases.AccountRegistrationTest - ****Conformation******
20:08:19.802 [main] ERROR TestCases.AccountRegistrationTest - Test Got Failed.....
20:08:19.802 [main] DEBUG TestCases.AccountRegistrationTest - Debug Logs
20:08:23.047 [main] INFO  TestCases.AccountLoginTest - ***********Starting the case************
20:08:23.548 [main] INFO  TestCases.AccountLoginTest - **********loginpage**********
20:08:24.453 [main] INFO  TestCases.AccountLoginTest - **********AccountPage**********
20:10:20.077 [main] DEBUG org.testng.TestNG - suiteXmlPath: "C:\Users\G Swarnalekha\eclipse-workspace\OpenCartV212\testng.xml"
20:10:20.275 [main] INFO  org.testng.internal.Utils - [TestNG] Running:
  C:\Users\G Swarnalekha\eclipse-workspace\OpenCartV212\testng.xml

20:10:22.572 [main] INFO  TestCases.AccountRegistrationTest - ******AccountRegistrationTest----->JUST_STARTED*****
20:10:23.363 [main] INFO  TestCases.AccountRegistrationTest - *****Entering_Details******
20:10:24.460 [main] INFO  TestCases.AccountRegistrationTest - ****Conformation******
20:10:24.488 [main] INFO  TestCases.AccountRegistrationTest - *******Test Finished*******
20:10:26.386 [main] INFO  TestCases.AccountLoginTest - ***********Starting the case************
20:10:26.889 [main] INFO  TestCases.AccountLoginTest - **********loginpage**********
20:10:27.505 [main] INFO  TestCases.AccountLoginTest - **********AccountPage**********
20:14:38.480 [main] DEBUG org.testng.TestNG - suiteXmlPath: "C:\Users\G Swarnalekha\eclipse-workspace\OpenCartV212\testng.xml"
20:14:38.695 [main] INFO  org.testng.internal.Utils - [TestNG] Running:
  C:\Users\G Swarnalekha\eclipse-workspace\OpenCartV212\testng.xml

20:14:40.836 [main] INFO  TestCases.AccountRegistrationTest - ******AccountRegistrationTest----->JUST_STARTED*****
20:14:41.386 [main] INFO  TestCases.AccountRegistrationTest - *****Entering_Details******
20:14:42.452 [main] INFO  TestCases.AccountRegistrationTest - ****Conformation******
20:14:42.485 [main] INFO  TestCases.AccountRegistrationTest - *******Test Finished*******
20:14:45.765 [main] INFO  TestCases.AccountLoginTest - ***********Starting the case************
20:14:46.097 [main] INFO  TestCases.AccountLoginTest - **********loginpage**********
20:14:46.722 [main] INFO  TestCases.AccountLoginTest - **********AccountPage**********
20:15:29.700 [main] DEBUG org.testng.TestNG - suiteXmlPath: "C:\Users\G Swarnalekha\eclipse-workspace\OpenCartV212\testng.xml"
20:15:29.902 [main] INFO  org.testng.internal.Utils - [TestNG] Running:
  C:\Users\G Swarnalekha\eclipse-workspace\OpenCartV212\testng.xml

20:18:17.841 [main] DEBUG org.testng.TestNG - suiteXmlPath: "C:\Users\G Swarnalekha\eclipse-workspace\OpenCartV212\testng.xml"
20:18:18.035 [main] INFO  org.testng.internal.Utils - [TestNG] Running:
  C:\Users\G Swarnalekha\eclipse-workspace\OpenCartV212\testng.xml

21:37:36.896 [main] DEBUG org.testng.TestNG - suiteXmlPath: "C:\Users\G Swarnalekha\eclipse-workspace\OpenCartV212\testng.xml"
