19:49:40.831 [main] INFO  TestCases.AccountRegistrationTest - ****Conformation******
19:49:40.876 [main] INFO  TestCases.AccountRegistrationTest - *******Test Finished*******
19:50:06.672 [main] DEBUG org.testng.TestNG - suiteXmlPath: "C:\Users\G Swarnalekha\eclipse-workspace\OpenCartV212\testng.xml"
19:50:06.892 [main] INFO  org.testng.internal.Utils - [TestNG] Running:
  C:\Users\G Swarnalekha\eclipse-workspace\OpenCartV212\testng.xml

19:50:13.119 [main] INFO  TestCases.AccountRegistrationTest - ******AccountRegistrationTest----->JUST_STARTED*****
19:50:14.072 [main] INFO  TestCases.AccountRegistrationTest - *****Entering_Details******
19:50:15.339 [main] INFO  TestCases.AccountRegistrationTest - ****Conformation******
19:50:15.382 [main] INFO  TestCases.AccountRegistrationTest - *******Test Finished*******
19:52:06.255 [main] DEBUG org.testng.TestNG - suiteXmlPath: "C:\Users\G Swarnalekha\eclipse-workspace\OpenCartV212\parallel.xml"
19:52:06.492 [main] INFO  org.testng.internal.Utils - [TestNG] Running:
  C:\Users\G Swarnalekha\eclipse-workspace\OpenCartV212\parallel.xml

19:52:09.779 [main] INFO  TestCases.AccountRegistrationTest - ******AccountRegistrationTest----->JUST_STARTED*****
19:52:11.466 [main] INFO  TestCases.AccountRegistrationTest - *****Entering_Details******
19:52:12.722 [main] INFO  TestCases.AccountRegistrationTest - ****Conformation******
19:52:12.769 [main] INFO  TestCases.AccountRegistrationTest - *******Test Finished*******
19:52:15.129 [main] INFO  TestCases.AccountRegistrationTest - ******AccountRegistrationTest----->JUST_STARTED*****
19:52:15.539 [main] INFO  TestCases.AccountRegistrationTest - *****Entering_Details******
19:52:16.647 [main] INFO  TestCases.AccountRegistrationTest - ****Conformation******
19:52:16.681 [main] INFO  TestCases.AccountRegistrationTest - *******Test Finished*******
19:52:22.729 [main] INFO  TestCases.AccountRegistrationTest - ******AccountRegistrationTest----->JUST_STARTED*****
19:52:23.454 [main] INFO  TestCases.AccountRegistrationTest - *****Entering_Details******
19:52:24.498 [main] INFO  TestCases.AccountRegistrationTest - ****Conformation******
19:52:24.527 [main] INFO  TestCases.AccountRegistrationTest - *******Test Finished*******
19:52:54.285 [main] DEBUG org.testng.TestNG - suiteXmlPath: "C:\Users\G Swarnalekha\eclipse-workspace\OpenCartV212\parallel.xml"
19:52:54.521 [main] INFO  org.testng.internal.Utils - [TestNG] Running:
  C:\Users\G Swarnalekha\eclipse-workspace\OpenCartV212\parallel.xml

19:52:58.276 [TestNG-tests-1] INFO  TestCases.AccountRegistrationTest - ******AccountRegistrationTest----->JUST_STARTED*****
19:52:58.433 [TestNG-tests-2] INFO  TestCases.AccountRegistrationTest - ******AccountRegistrationTest----->JUST_STARTED*****
19:52:59.775 [TestNG-tests-2] INFO  TestCases.AccountRegistrationTest - *****Entering_Details******
19:52:59.779 [TestNG-tests-1] INFO  TestCases.AccountRegistrationTest - *****Entering_Details******
19:53:03.187 [TestNG-tests-3] INFO  TestCases.AccountRegistrationTest - ******AccountRegistrationTest----->JUST_STARTED*****
19:53:03.405 [TestNG-tests-1] INFO  TestCases.AccountRegistrationTest - ****Conformation******
19:53:03.416 [TestNG-tests-2] INFO  TestCases.AccountRegistrationTest - ****Conformation******
19:53:03.478 [TestNG-tests-2] INFO  TestCases.AccountRegistrationTest - *******Test Finished*******
19:53:03.478 [TestNG-tests-1] INFO  TestCases.AccountRegistrationTest - *******Test Finished*******
19:53:04.075 [TestNG-tests-3] INFO  TestCases.AccountRegistrationTest - *****Entering_Details******
19:53:05.153 [TestNG-tests-3] INFO  TestCases.AccountRegistrationTest - ****Conformation******
19:53:05.184 [TestNG-tests-3] INFO  TestCases.AccountRegistrationTest - *******Test Finished*******
20:18:15.654 [main] DEBUG org.testng.TestNG - suiteXmlPath: "C:\Users\G Swarnalekha\eclipse-workspace\OpenCartV212\testng.xml"
20:18:15.912 [main] INFO  org.testng.internal.Utils - [TestNG] Running:
  C:\Users\G Swarnalekha\eclipse-workspace\OpenCartV212\testng.xml

20:19:12.913 [main] DEBUG org.testng.TestNG - suiteXmlPath: "C:\Users\G Swarnalekha\eclipse-workspace\OpenCartV212\testng.xml"
20:19:13.122 [main] INFO  org.testng.internal.Utils - [TestNG] Running:
  C:\Users\G Swarnalekha\eclipse-workspace\OpenCartV212\testng.xml

20:19:51.155 [main] DEBUG org.testng.TestNG - suiteXmlPath: "C:\Users\G Swarnalekha\eclipse-workspace\OpenCartV212\testng.xml"
20:19:51.383 [main] INFO  org.testng.internal.Utils - [TestNG] Running:
  C:\Users\G Swarnalekha\eclipse-workspace\OpenCartV212\testng.xml

20:19:57.863 [main] INFO  TestCases.AccountRegistrationTest - ******AccountRegistrationTest----->JUST_STARTED*****
20:19:59.344 [main] INFO  TestCases.AccountRegistrationTest - *****Entering_Details******
20:20:02.487 [main] INFO  TestCases.AccountRegistrationTest - ****Conformation******
20:20:02.521 [main] INFO  TestCases.AccountRegistrationTest - *******Test Finished*******
22:44:18.747 [main] DEBUG org.testng.TestNG - suiteXmlPath: "C:\Users\G Swarnalekha\eclipse-workspace\OpenCartV212\testng.xml"
