16:42:34.406 [main] INFO  org.testng.internal.Utils - [TestNG] Running:
  C:\Users\G Swarnalekha\eclipse-workspace\OpenCartV212\testng.xml

16:43:08.601 [main] DEBUG org.testng.TestNG - suiteXmlPath: "C:\Users\G Swarnalekha\eclipse-workspace\OpenCartV212\testng.xml"
16:43:08.845 [main] INFO  org.testng.internal.Utils - [TestNG] Running:
  C:\Users\G Swarnalekha\eclipse-workspace\OpenCartV212\testng.xml

16:43:11.557 [main] INFO  TestCases.AccountRegistrationTest - ******AccountRegistrationTest----->JUST_STARTED*****
16:43:11.979 [main] INFO  TestCases.AccountRegistrationTest - *****Entering_Details******
16:43:13.047 [main] INFO  TestCases.AccountRegistrationTest - ****Conformation******
16:43:13.119 [main] INFO  TestCases.AccountRegistrationTest - *******Test Finished*******
16:43:15.284 [main] INFO  TestCases.AccountLoginTest - ***********Starting the case************
16:43:16.508 [main] INFO  TestCases.AccountLoginTest - **********loginpage**********
16:43:17.423 [main] INFO  TestCases.AccountLoginTest - **********AccountPage**********
16:43:17.486 [main] INFO  TestCases.AccountLoginTest - ******TestCompleted********
16:46:25.576 [main] DEBUG org.testng.TestNG - suiteXmlPath: "C:\Users\G Swarnalekha\eclipse-workspace\OpenCartV212\testng.xml"
16:46:29.289 [main] INFO  TestCases.AccountRegistrationTest - ******AccountRegistrationTest----->JUST_STARTED*****
16:46:30.632 [main] INFO  TestCases.AccountRegistrationTest - *****Entering_Details******
16:46:32.052 [main] INFO  TestCases.AccountRegistrationTest - ****Conformation******
16:46:32.113 [main] INFO  TestCases.AccountRegistrationTest - *******Test Finished*******
16:46:34.611 [main] INFO  TestCases.AccountLoginTest - ***********Starting the case************
16:46:35.548 [main] INFO  TestCases.AccountLoginTest - **********loginpage**********
16:46:36.404 [main] INFO  TestCases.AccountLoginTest - **********AccountPage**********
16:46:36.450 [main] INFO  TestCases.AccountLoginTest - ******TestCompleted********
17:21:20.976 [main] DEBUG org.testng.TestNG - suiteXmlPath: "C:\Users\G Swarnalekha\eclipse-workspace\OpenCartV212\testng.xml"
17:21:21.322 [main] INFO  org.testng.internal.Utils - [TestNG] Running:
  C:\Users\G Swarnalekha\eclipse-workspace\OpenCartV212\testng.xml

17:21:25.029 [main] INFO  TestCases.AccountRegistrationTest - ******AccountRegistrationTest----->JUST_STARTED*****
17:21:25.806 [main] INFO  TestCases.AccountRegistrationTest - *****Entering_Details******
17:21:27.204 [main] INFO  TestCases.AccountRegistrationTest - ****Conformation******
17:21:27.239 [main] ERROR TestCases.AccountRegistrationTest - Test Got Failed.....
17:21:27.239 [main] DEBUG TestCases.AccountRegistrationTest - Debug Logs
17:21:30.035 [main] INFO  TestCases.AccountLoginTest - ***********Starting the case************
17:21:30.972 [main] INFO  TestCases.AccountLoginTest - **********loginpage**********
17:21:31.883 [main] INFO  TestCases.AccountLoginTest - **********AccountPage**********
17:21:31.945 [main] INFO  TestCases.AccountLoginTest - ******TestCompleted********
17:28:58.311 [main] DEBUG org.testng.TestNG - suiteXmlPath: "C:\Users\G Swarnalekha\eclipse-workspace\OpenCartV212\testng.xml"
17:29:03.205 [main] INFO  TestCases.AccountRegistrationTest - ******AccountRegistrationTest----->JUST_STARTED*****
17:29:04.619 [main] INFO  TestCases.AccountRegistrationTest - *****Entering_Details******
17:29:06.128 [main] INFO  TestCases.AccountRegistrationTest - ****Conformation******
17:29:06.175 [main] INFO  TestCases.AccountRegistrationTest - *******Test Finished*******
17:29:09.454 [main] INFO  TestCases.AccountLoginTest - ***********Starting the case************
17:29:10.492 [main] INFO  TestCases.AccountLoginTest - **********loginpage**********
17:29:11.360 [main] INFO  TestCases.AccountLoginTest - **********AccountPage**********
17:29:11.418 [main] INFO  TestCases.AccountLoginTest - ******TestCompleted********
